#
# There is insufficient memory for the Java Runtime Environment to continue.
# Native memory allocation (malloc) failed to allocate 32744 bytes for ChunkPool::allocate
# Possible reasons:
#   The system is out of physical RAM or swap space
#   The process is running with CompressedOops enabled, and the Java Heap may be blocking the growth of the native heap
# Possible solutions:
#   Reduce memory load on the system
#   Increase physical memory or swap space
#   Check if swap backing store is full
#   Decrease Java heap size (-Xmx/-Xms)
#   Decrease number of Java threads
#   Decrease Java thread stack sizes (-Xss)
#   Set larger code cache with -XX:ReservedCodeCacheSize=
#   JVM is running with Zero Based Compressed Oops mode in which the Java heap is
#     placed in the first 32GB address space. The Java Heap base address is the
#     maximum limit for the native heap growth. Please use -XX:HeapBaseMinAddress
#     to set the Java Heap base and to place the Java Heap above 32GB virtual address.
# This output file may be truncated or incomplete.
#
#  Out of Memory Error (arena.cpp:78), pid=16476, tid=15872
#
# JRE version: Java(TM) SE Runtime Environment (17.0.11+7) (build 17.0.11+7-LTS-207)
# Java VM: Java HotSpot(TM) 64-Bit Server VM (17.0.11+7-LTS-207, mixed mode, sharing, tiered, compressed oops, compressed class ptrs, g1 gc, windows-amd64)
# No core dump will be written. Minidumps are not enabled by default on client versions of Windows
#

---------------  S U M M A R Y ------------

Command Line: --add-opens=java.base/java.util=ALL-UNNAMED --add-opens=java.base/java.lang=ALL-UNNAMED --add-opens=java.base/java.lang.invoke=ALL-UNNAMED --add-opens=java.prefs/java.util.prefs=ALL-UNNAMED --add-opens=java.base/java.nio.charset=ALL-UNNAMED --add-opens=java.base/java.net=ALL-UNNAMED --add-opens=java.base/java.util.concurrent.atomic=ALL-UNNAMED -Xmx4G -Dfile.encoding=windows-1252 -Duser.country=IN -Duser.language=en -Duser.variant org.gradle.launcher.daemon.bootstrap.GradleDaemon 7.6.3

Host: 11th Gen Intel(R) Core(TM) i3-1115G4 @ 3.00GHz, 4 cores, 7G,  Windows 11 , 64 bit Build 22000 (10.0.22000.2538)
Time: Fri Jul  5 10:19:31 2024 India Standard Time elapsed time: 108.294598 seconds (0d 0h 1m 48s)

---------------  T H R E A D  ---------------

Current thread (0x00000156c06e3800):  JavaThread "C2 CompilerThread0" daemon [_thread_in_native, id=15872, stack(0x0000000eccf00000,0x0000000ecd000000)]


Current CompileTask:
C2: 108294 13271       4       org.gradle.internal.logging.text.AbstractLineChoppingStyledTextOutput$1::execute (9 bytes)

Stack: [0x0000000eccf00000,0x0000000ecd000000]
Native frames: (J=compiled Java code, j=interpreted, Vv=VM code, C=native code)
V  [jvm.dll+0x679cca]
V  [jvm.dll+0x7da13d]
V  [jvm.dll+0x7dba83]
V  [jvm.dll+0x7dc0f3]
V  [jvm.dll+0x2449af]
V  [jvm.dll+0xaba8c]
V  [jvm.dll+0xabe1c]
V  [jvm.dll+0x11d9d4]
V  [jvm.dll+0x6081a2]
V  [jvm.dll+0x60c115]
V  [jvm.dll+0x21605e]
V  [jvm.dll+0x21560f]
V  [jvm.dll+0x1a2040]
V  [jvm.dll+0x225a2b]
V  [jvm.dll+0x223bcb]
V  [jvm.dll+0x7903ec]
V  [jvm.dll+0x78a85a]
V  [jvm.dll+0x678bb5]
C  [ucrtbase.dll+0x26c0c]
C  [KERNEL32.DLL+0x153e0]
C  [ntdll.dll+0x485b]


---------------  P R O C E S S  ---------------

Threads class SMR info:
_java_thread_list=0x000001570a70fad0, length=84, elements={
0x000001569e153d40, 0x00000156c06bc440, 0x00000156c06bdf20, 0x00000156c06d68a0,
0x00000156c06d7170, 0x00000156c06d9a50, 0x00000156c06dab40, 0x00000156c06e3800,
0x00000156c06efe10, 0x00000156c0707330, 0x00000156c0928870, 0x00000156c0929580,
0x0000015706a6fa20, 0x0000015707ce4ee0, 0x0000015708775350, 0x0000015707313210,
0x0000015707f0c2f0, 0x0000015707005ad0, 0x0000015707008350, 0x00000157070055c0,
0x00000157070064f0, 0x0000015707007e40, 0x0000015707007930, 0x0000015707005fe0,
0x0000015707006f10, 0x00000157085dab80, 0x00000157085db090, 0x00000157085db5a0,
0x00000157085dbab0, 0x00000157085dbfc0, 0x00000157085da160, 0x00000157085d5f90,
0x00000157085d7df0, 0x00000157085d8300, 0x00000157085d8d20, 0x0000015708b1b160,
0x0000015708b16570, 0x0000015708b1ac50, 0x0000015708b1c5a0, 0x0000015708b1bb80,
0x0000015708b16a80, 0x0000015708b1cfc0, 0x0000015708b1c090, 0x0000015708b1cab0,
0x0000015708b1d4d0, 0x0000015708b16060, 0x0000015708b1d9e0, 0x0000015708b16f90,
0x000001570aaf23d0, 0x000001570aaf5160, 0x000001570aaf74d0, 0x000001570aaf3810,
0x000001570aaf0f90, 0x000001570aaf4c50, 0x000001570aaf5b80, 0x000001570aaf3d20,
0x000001570aaf0060, 0x000001570aaf79e0, 0x000001570aaf14a0, 0x000001570aaf19b0,
0x000001570aaf6090, 0x000001570aaf4740, 0x000001570aaf5670, 0x000001570aaf6ab0,
0x000001570aaf6fc0, 0x000001570aaf3300, 0x000001570aaf0570, 0x000001570aaf1ec0,
0x000001570aaf0a80, 0x000001570aaf28e0, 0x000001570aaf4230, 0x000001570aaf2df0,
0x0000015707947250, 0x0000015707949ad0, 0x0000015707947760, 0x000001570794cd70,
0x000001570794a4f0, 0x0000015707946d40, 0x000001570794b420, 0x0000015707949fe0,
0x0000015708b1a740, 0x00000157085d5060, 0x00000157085dc9e0, 0x000001570a343e70
}

Java Threads: ( => current thread )
  0x000001569e153d40 JavaThread "main" [_thread_blocked, id=8704, stack(0x0000000ecc200000,0x0000000ecc300000)]
  0x00000156c06bc440 JavaThread "Reference Handler" daemon [_thread_blocked, id=14436, stack(0x0000000ecc900000,0x0000000ecca00000)]
  0x00000156c06bdf20 JavaThread "Finalizer" daemon [_thread_blocked, id=13744, stack(0x0000000ecca00000,0x0000000eccb00000)]
  0x00000156c06d68a0 JavaThread "Signal Dispatcher" daemon [_thread_blocked, id=14600, stack(0x0000000eccb00000,0x0000000eccc00000)]
  0x00000156c06d7170 JavaThread "Attach Listener" daemon [_thread_blocked, id=8820, stack(0x0000000eccc00000,0x0000000eccd00000)]
  0x00000156c06d9a50 JavaThread "Service Thread" daemon [_thread_blocked, id=32, stack(0x0000000eccd00000,0x0000000ecce00000)]
  0x00000156c06dab40 JavaThread "Monitor Deflation Thread" daemon [_thread_blocked, id=6980, stack(0x0000000ecce00000,0x0000000eccf00000)]
=>0x00000156c06e3800 JavaThread "C2 CompilerThread0" daemon [_thread_in_native, id=15872, stack(0x0000000eccf00000,0x0000000ecd000000)]
  0x00000156c06efe10 JavaThread "C1 CompilerThread0" daemon [_thread_blocked, id=18132, stack(0x0000000ecd000000,0x0000000ecd100000)]
  0x00000156c0707330 JavaThread "Sweeper thread" daemon [_thread_blocked, id=8624, stack(0x0000000ecd100000,0x0000000ecd200000)]
  0x00000156c0928870 JavaThread "Common-Cleaner" daemon [_thread_blocked, id=4356, stack(0x0000000ecd200000,0x0000000ecd300000)]
  0x00000156c0929580 JavaThread "Notification Thread" daemon [_thread_blocked, id=8484, stack(0x0000000ecd300000,0x0000000ecd400000)]
  0x0000015706a6fa20 JavaThread "Daemon health stats" [_thread_blocked, id=10580, stack(0x0000000ecd900000,0x0000000ecda00000)]
  0x0000015707ce4ee0 JavaThread "Incoming local TCP Connector on port 60260" [_thread_in_native, id=7932, stack(0x0000000ecd500000,0x0000000ecd600000)]
  0x0000015708775350 JavaThread "Daemon periodic checks" [_thread_blocked, id=11092, stack(0x0000000ecda00000,0x0000000ecdb00000)]
  0x0000015707313210 JavaThread "Daemon" [_thread_blocked, id=17368, stack(0x0000000ecdb00000,0x0000000ecdc00000)]
  0x0000015707f0c2f0 JavaThread "Handler for socket connection from /127.0.0.1:60260 to /127.0.0.1:60261" [_thread_in_native, id=8860, stack(0x0000000ecdc00000,0x0000000ecdd00000)]
  0x0000015707005ad0 JavaThread "Cancel handler" [_thread_blocked, id=5632, stack(0x0000000ecdd00000,0x0000000ecde00000)]
  0x0000015707008350 JavaThread "Daemon worker" [_thread_in_vm, id=7080, stack(0x0000000ecde00000,0x0000000ecdf00000)]
  0x00000157070055c0 JavaThread "Asynchronous log dispatcher for DefaultDaemonConnection: socket connection from /127.0.0.1:60260 to /127.0.0.1:60261" [_thread_blocked, id=10468, stack(0x0000000ece000000,0x0000000ece100000)]
  0x00000157070064f0 JavaThread "Stdin handler" [_thread_blocked, id=13288, stack(0x0000000ece100000,0x0000000ece200000)]
  0x0000015707007e40 JavaThread "Daemon client event forwarder" [_thread_blocked, id=3184, stack(0x0000000ece200000,0x0000000ece300000)]
  0x0000015707007930 JavaThread "Cache worker for journal cache (C:\Users\Divya Jyothi\.gradle\caches\journal-1)" [_thread_blocked, id=9984, stack(0x0000000ece300000,0x0000000ece400000)]
  0x0000015707005fe0 JavaThread "File lock request listener" [_thread_in_native, id=9524, stack(0x0000000ece400000,0x0000000ece500000)]
  0x0000015707006f10 JavaThread "Cache worker for file hash cache (C:\Users\Divya Jyothi\.gradle\caches\7.6.3\fileHashes)" [_thread_blocked, id=12528, stack(0x0000000ecdf00000,0x0000000ece000000)]
  0x00000157085dab80 JavaThread "File watcher server" daemon [_thread_in_native, id=19156, stack(0x0000000ece500000,0x0000000ece600000)]
  0x00000157085db090 JavaThread "File watcher consumer" daemon [_thread_blocked, id=4592, stack(0x0000000ece600000,0x0000000ece700000)]
  0x00000157085db5a0 JavaThread "Cache worker for checksums cache (E:\object_detector\android\.gradle\7.6.3\checksums)" [_thread_blocked, id=5828, stack(0x0000000ece700000,0x0000000ece800000)]
  0x00000157085dbab0 JavaThread "Cache worker for file content cache (C:\Users\Divya Jyothi\.gradle\caches\7.6.3\fileContent)" [_thread_blocked, id=17672, stack(0x0000000ece900000,0x0000000ecea00000)]
  0x00000157085dbfc0 JavaThread "Cache worker for file hash cache (E:\object_detector\android\.gradle\7.6.3\fileHashes)" [_thread_blocked, id=19236, stack(0x0000000eceb00000,0x0000000ecec00000)]
  0x00000157085da160 JavaThread "Cache worker for execution history cache (C:\Users\Divya Jyothi\.gradle\caches\7.6.3\executionHistory)" [_thread_blocked, id=16488, stack(0x0000000eced00000,0x0000000ecee00000)]
  0x00000157085d5f90 JavaThread "jar transforms" [_thread_blocked, id=16912, stack(0x0000000ecee00000,0x0000000ecef00000)]
  0x00000157085d7df0 JavaThread "Cache worker for kotlin-dsl (C:\Users\Divya Jyothi\.gradle\caches\7.6.3\kotlin-dsl)" [_thread_blocked, id=4192, stack(0x0000000ecef00000,0x0000000ecf000000)]
  0x00000157085d8300 JavaThread "jar transforms Thread 2" [_thread_blocked, id=8052, stack(0x0000000ecf000000,0x0000000ecf100000)]
  0x00000157085d8d20 JavaThread "Cache worker for dependencies-accessors (E:\object_detector\android\.gradle\7.6.3\dependencies-accessors)" [_thread_blocked, id=10288, stack(0x0000000ecf100000,0x0000000ecf200000)]
  0x0000015708b1b160 JavaThread "jar transforms Thread 3" [_thread_blocked, id=8204, stack(0x0000000ecf300000,0x0000000ecf400000)]
  0x0000015708b16570 JavaThread "Memory manager" [_thread_blocked, id=13904, stack(0x0000000ecf400000,0x0000000ecf500000)]
  0x0000015708b1ac50 JavaThread "jar transforms Thread 4" [_thread_blocked, id=6572, stack(0x0000000ecf500000,0x0000000ecf600000)]
  0x0000015708b1c5a0 JavaThread "File lock release action executor" [_thread_blocked, id=13392, stack(0x0000000ecf600000,0x0000000ecf700000)]
  0x0000015708b1bb80 JavaThread "Unconstrained build operations" [_thread_blocked, id=16156, stack(0x0000000ecf200000,0x0000000ecf300000)]
  0x0000015708b16a80 JavaThread "Unconstrained build operations Thread 2" [_thread_blocked, id=18864, stack(0x0000000ecfc00000,0x0000000ecfd00000)]
  0x0000015708b1cfc0 JavaThread "Unconstrained build operations Thread 3" [_thread_blocked, id=7356, stack(0x0000000ecfd00000,0x0000000ecfe00000)]
  0x0000015708b1c090 JavaThread "Unconstrained build operations Thread 4" [_thread_blocked, id=17204, stack(0x0000000ecfe00000,0x0000000ecff00000)]
  0x0000015708b1cab0 JavaThread "Unconstrained build operations Thread 5" [_thread_blocked, id=18592, stack(0x0000000ecff00000,0x0000000ed0000000)]
  0x0000015708b1d4d0 JavaThread "Unconstrained build operations Thread 6" [_thread_blocked, id=7916, stack(0x0000000ed0000000,0x0000000ed0100000)]
  0x0000015708b16060 JavaThread "Unconstrained build operations Thread 7" [_thread_blocked, id=18196, stack(0x0000000ed0100000,0x0000000ed0200000)]
  0x0000015708b1d9e0 JavaThread "Unconstrained build operations Thread 8" [_thread_blocked, id=11660, stack(0x0000000ed0200000,0x0000000ed0300000)]
  0x0000015708b16f90 JavaThread "Unconstrained build operations Thread 9" [_thread_blocked, id=8800, stack(0x0000000ed0300000,0x0000000ed0400000)]
  0x000001570aaf23d0 JavaThread "Unconstrained build operations Thread 10" [_thread_blocked, id=6888, stack(0x0000000ed0400000,0x0000000ed0500000)]
  0x000001570aaf5160 JavaThread "Unconstrained build operations Thread 11" [_thread_blocked, id=10332, stack(0x0000000ed0500000,0x0000000ed0600000)]
  0x000001570aaf74d0 JavaThread "Unconstrained build operations Thread 12" [_thread_blocked, id=16076, stack(0x0000000ed0600000,0x0000000ed0700000)]
  0x000001570aaf3810 JavaThread "Unconstrained build operations Thread 13" [_thread_blocked, id=1408, stack(0x0000000ed0700000,0x0000000ed0800000)]
  0x000001570aaf0f90 JavaThread "Unconstrained build operations Thread 14" [_thread_blocked, id=15928, stack(0x0000000ed0800000,0x0000000ed0900000)]
  0x000001570aaf4c50 JavaThread "Unconstrained build operations Thread 15" [_thread_blocked, id=12080, stack(0x0000000ed0900000,0x0000000ed0a00000)]
  0x000001570aaf5b80 JavaThread "Unconstrained build operations Thread 16" [_thread_blocked, id=12304, stack(0x0000000ed0a00000,0x0000000ed0b00000)]
  0x000001570aaf3d20 JavaThread "Unconstrained build operations Thread 17" [_thread_blocked, id=4516, stack(0x0000000ed0b00000,0x0000000ed0c00000)]
  0x000001570aaf0060 JavaThread "Unconstrained build operations Thread 18" [_thread_blocked, id=9512, stack(0x0000000ed0c00000,0x0000000ed0d00000)]
  0x000001570aaf79e0 JavaThread "Unconstrained build operations Thread 19" [_thread_blocked, id=10496, stack(0x0000000ed0d00000,0x0000000ed0e00000)]
  0x000001570aaf14a0 JavaThread "Unconstrained build operations Thread 20" [_thread_blocked, id=17472, stack(0x0000000ed0e00000,0x0000000ed0f00000)]
  0x000001570aaf19b0 JavaThread "Unconstrained build operations Thread 21" [_thread_blocked, id=452, stack(0x0000000ed0f00000,0x0000000ed1000000)]
  0x000001570aaf6090 JavaThread "Unconstrained build operations Thread 22" [_thread_blocked, id=16344, stack(0x0000000ed1000000,0x0000000ed1100000)]
  0x000001570aaf4740 JavaThread "Unconstrained build operations Thread 23" [_thread_blocked, id=14704, stack(0x0000000ed1100000,0x0000000ed1200000)]
  0x000001570aaf5670 JavaThread "Unconstrained build operations Thread 24" [_thread_blocked, id=5536, stack(0x0000000ed1200000,0x0000000ed1300000)]
  0x000001570aaf6ab0 JavaThread "Unconstrained build operations Thread 25" [_thread_blocked, id=508, stack(0x0000000ed1300000,0x0000000ed1400000)]
  0x000001570aaf6fc0 JavaThread "Unconstrained build operations Thread 26" [_thread_blocked, id=17104, stack(0x0000000ed1400000,0x0000000ed1500000)]
  0x000001570aaf3300 JavaThread "Unconstrained build operations Thread 27" [_thread_blocked, id=14260, stack(0x0000000ed1500000,0x0000000ed1600000)]
  0x000001570aaf0570 JavaThread "Unconstrained build operations Thread 28" [_thread_blocked, id=12636, stack(0x0000000ed1600000,0x0000000ed1700000)]
  0x000001570aaf1ec0 JavaThread "Unconstrained build operations Thread 29" [_thread_blocked, id=17636, stack(0x0000000ed1700000,0x0000000ed1800000)]
  0x000001570aaf0a80 JavaThread "Unconstrained build operations Thread 30" [_thread_blocked, id=11472, stack(0x0000000ed1800000,0x0000000ed1900000)]
  0x000001570aaf28e0 JavaThread "Unconstrained build operations Thread 31" [_thread_blocked, id=13700, stack(0x0000000ed1900000,0x0000000ed1a00000)]
  0x000001570aaf4230 JavaThread "Unconstrained build operations Thread 32" [_thread_blocked, id=18960, stack(0x0000000ed1a00000,0x0000000ed1b00000)]
  0x000001570aaf2df0 JavaThread "Unconstrained build operations Thread 33" [_thread_blocked, id=10152, stack(0x0000000ed1b00000,0x0000000ed1c00000)]
  0x0000015707947250 JavaThread "Unconstrained build operations Thread 34" [_thread_blocked, id=17212, stack(0x0000000ed1c00000,0x0000000ed1d00000)]
  0x0000015707949ad0 JavaThread "Unconstrained build operations Thread 35" [_thread_blocked, id=8436, stack(0x0000000ed1d00000,0x0000000ed1e00000)]
  0x0000015707947760 JavaThread "Unconstrained build operations Thread 36" [_thread_blocked, id=14108, stack(0x0000000ed1e00000,0x0000000ed1f00000)]
  0x000001570794cd70 JavaThread "Unconstrained build operations Thread 37" [_thread_blocked, id=16180, stack(0x0000000ed1f00000,0x0000000ed2000000)]
  0x000001570794a4f0 JavaThread "Unconstrained build operations Thread 38" [_thread_blocked, id=16784, stack(0x0000000ed2000000,0x0000000ed2100000)]
  0x0000015707946d40 JavaThread "Unconstrained build operations Thread 39" [_thread_blocked, id=7852, stack(0x0000000ed2100000,0x0000000ed2200000)]
  0x000001570794b420 JavaThread "Unconstrained build operations Thread 40" [_thread_blocked, id=19060, stack(0x0000000ed2200000,0x0000000ed2300000)]
  0x0000015707949fe0 JavaThread "included builds Thread 2" [_thread_blocked, id=15696, stack(0x0000000ecc000000,0x0000000ecc100000)]
  0x0000015708b1a740 JavaThread "Exec process" [_thread_blocked, id=4940, stack(0x0000000ecbf00000,0x0000000ecc000000)]
  0x00000157085d5060 JavaThread "Exec process Thread 2" [_thread_blocked, id=11468, stack(0x0000000ecf700000,0x0000000ecf800000)]
  0x00000157085dc9e0 JavaThread "Exec process Thread 3" [_thread_blocked, id=19328, stack(0x0000000ed2600000,0x0000000ed2700000)]
  0x000001570a343e70 JavaThread "C2 CompilerThread1" daemon [_thread_in_native, id=15968, stack(0x0000000ed2700000,0x0000000ed2800000)]

Other Threads:
  0x00000156c06b7670 VMThread "VM Thread" [stack: 0x0000000ecc800000,0x0000000ecc900000] [id=12152]
  0x00000156c092ca90 WatcherThread [stack: 0x0000000ecd400000,0x0000000ecd500000] [id=15500]
  0x000001569e1bfe10 GCTaskThread "GC Thread#0" [stack: 0x0000000ecc300000,0x0000000ecc400000] [id=6208]
  0x00000157064ca9d0 GCTaskThread "GC Thread#1" [stack: 0x0000000ecd600000,0x0000000ecd700000] [id=17484]
  0x0000015706256f60 GCTaskThread "GC Thread#2" [stack: 0x0000000ecd700000,0x0000000ecd800000] [id=6256]
  0x0000015706939380 GCTaskThread "GC Thread#3" [stack: 0x0000000ecd800000,0x0000000ecd900000] [id=17060]
  0x000001569e1d0c70 ConcurrentGCThread "G1 Main Marker" [stack: 0x0000000ecc400000,0x0000000ecc500000] [id=13380]
  0x000001569e1d1590 ConcurrentGCThread "G1 Conc#0" [stack: 0x0000000ecc500000,0x0000000ecc600000] [id=12536]
  0x000001569e211b10 ConcurrentGCThread "G1 Refine#0" [stack: 0x0000000ecc600000,0x0000000ecc700000] [id=396]
  0x00000156c05905f0 ConcurrentGCThread "G1 Service" [stack: 0x0000000ecc700000,0x0000000ecc800000] [id=14724]

Threads with active compile tasks:
C2 CompilerThread0   113559 13271       4       org.gradle.internal.logging.text.AbstractLineChoppingStyledTextOutput$1::execute (9 bytes)
C2 CompilerThread1   113560 13275       4       org.gradle.internal.logging.text.AbstractLineChoppingStyledTextOutput::doAppend (43 bytes)

VM state: not at safepoint (normal execution)

VM Mutex/Monitor currently owned by a thread: None

Heap address: 0x0000000700000000, size: 4096 MB, Compressed Oops mode: Zero based, Oop shift amount: 3

CDS archive(s) mapped at: [0x00000156c1000000-0x00000156c1bd0000-0x00000156c1bd0000), size 12386304, SharedBaseAddress: 0x00000156c1000000, ArchiveRelocationMode: 1.
Compressed class space mapped at: 0x00000156c2000000-0x0000015702000000, reserved size: 1073741824
Narrow klass base: 0x00000156c1000000, Narrow klass shift: 0, Narrow klass range: 0x100000000

GC Precious Log:
 CPUs: 4 total, 4 available
 Memory: 7914M
 Large Page Support: Disabled
 NUMA Support: Disabled
 Compressed Oops: Enabled (Zero based)
 Heap Region Size: 2M
 Heap Min Capacity: 8M
 Heap Initial Capacity: 124M
 Heap Max Capacity: 4G
 Pre-touch: Disabled
 Parallel Workers: 4
 Concurrent Workers: 1
 Concurrent Refinement Workers: 4
 Periodic GC: Disabled

Heap:
 garbage-first heap   total 215040K, used 148388K [0x0000000700000000, 0x0000000800000000)
  region size 2048K, 17 young (34816K), 2 survivors (4096K)
 Metaspace       used 89356K, committed 90368K, reserved 1179648K
  class space    used 12474K, committed 12928K, reserved 1048576K

Heap Regions: E=young(eden), S=young(survivor), O=old, HS=humongous(starts), HC=humongous(continues), CS=collection set, F=free, OA=open archive, CA=closed archive, TAMS=top-at-mark-start (previous, next)
|   0|0x0000000700000000, 0x0000000700200000, 0x0000000700200000|100%| O|  |TAMS 0x0000000700200000, 0x0000000700000000| Untracked 
|   1|0x0000000700200000, 0x0000000700400000, 0x0000000700400000|100%|HS|  |TAMS 0x0000000700400000, 0x0000000700200000| Complete 
|   2|0x0000000700400000, 0x0000000700600000, 0x0000000700600000|100%|HC|  |TAMS 0x0000000700600000, 0x0000000700400000| Complete 
|   3|0x0000000700600000, 0x0000000700800000, 0x0000000700800000|100%| O|  |TAMS 0x0000000700800000, 0x0000000700600000| Untracked 
|   4|0x0000000700800000, 0x0000000700a00000, 0x0000000700a00000|100%| O|  |TAMS 0x0000000700a00000, 0x0000000700800000| Untracked 
|   5|0x0000000700a00000, 0x0000000700c00000, 0x0000000700c00000|100%| O|  |TAMS 0x0000000700c00000, 0x0000000700a00000| Untracked 
|   6|0x0000000700c00000, 0x0000000700e00000, 0x0000000700e00000|100%| O|  |TAMS 0x0000000700e00000, 0x0000000700c00000| Untracked 
|   7|0x0000000700e00000, 0x0000000701000000, 0x0000000701000000|100%| O|  |TAMS 0x0000000701000000, 0x0000000700e00000| Untracked 
|   8|0x0000000701000000, 0x0000000701200000, 0x0000000701200000|100%| O|  |TAMS 0x0000000701200000, 0x0000000701000000| Untracked 
|   9|0x0000000701200000, 0x0000000701400000, 0x0000000701400000|100%| O|  |TAMS 0x0000000701400000, 0x0000000701200000| Untracked 
|  10|0x0000000701400000, 0x0000000701600000, 0x0000000701600000|100%| O|  |TAMS 0x0000000701600000, 0x0000000701400000| Untracked 
|  11|0x0000000701600000, 0x0000000701800000, 0x0000000701800000|100%| O|  |TAMS 0x0000000701800000, 0x0000000701600000| Untracked 
|  12|0x0000000701800000, 0x0000000701a00000, 0x0000000701a00000|100%| O|  |TAMS 0x0000000701a00000, 0x0000000701800000| Untracked 
|  13|0x0000000701a00000, 0x0000000701c00000, 0x0000000701c00000|100%| O|  |TAMS 0x0000000701c00000, 0x0000000701a00000| Untracked 
|  14|0x0000000701c00000, 0x0000000701e00000, 0x0000000701e00000|100%| O|  |TAMS 0x0000000701e00000, 0x0000000701c00000| Untracked 
|  15|0x0000000701e00000, 0x0000000702000000, 0x0000000702000000|100%| O|  |TAMS 0x0000000702000000, 0x0000000701e00000| Untracked 
|  16|0x0000000702000000, 0x0000000702200000, 0x0000000702200000|100%| O|  |TAMS 0x0000000702200000, 0x0000000702000000| Untracked 
|  17|0x0000000702200000, 0x0000000702400000, 0x0000000702400000|100%| O|  |TAMS 0x0000000702400000, 0x0000000702200000| Untracked 
|  18|0x0000000702400000, 0x0000000702600000, 0x0000000702600000|100%|HS|  |TAMS 0x0000000702600000, 0x0000000702400000| Complete 
|  19|0x0000000702600000, 0x0000000702800000, 0x0000000702800000|100%|HC|  |TAMS 0x0000000702800000, 0x0000000702600000| Complete 
|  20|0x0000000702800000, 0x0000000702a00000, 0x0000000702a00000|100%| O|  |TAMS 0x0000000702a00000, 0x0000000702800000| Untracked 
|  21|0x0000000702a00000, 0x0000000702c00000, 0x0000000702c00000|100%| O|  |TAMS 0x0000000702c00000, 0x0000000702a00000| Untracked 
|  22|0x0000000702c00000, 0x0000000702e00000, 0x0000000702e00000|100%| O|  |TAMS 0x0000000702e00000, 0x0000000702c00000| Untracked 
|  23|0x0000000702e00000, 0x0000000703000000, 0x0000000703000000|100%|HS|  |TAMS 0x0000000703000000, 0x0000000702e00000| Complete 
|  24|0x0000000703000000, 0x0000000703200000, 0x0000000703200000|100%| O|  |TAMS 0x0000000703200000, 0x0000000703000000| Untracked 
|  25|0x0000000703200000, 0x0000000703400000, 0x0000000703400000|100%| O|  |TAMS 0x0000000703400000, 0x0000000703200000| Untracked 
|  26|0x0000000703400000, 0x0000000703600000, 0x0000000703600000|100%| O|  |TAMS 0x0000000703600000, 0x0000000703400000| Untracked 
|  27|0x0000000703600000, 0x0000000703800000, 0x0000000703800000|100%| O|  |TAMS 0x0000000703800000, 0x0000000703600000| Untracked 
|  28|0x0000000703800000, 0x0000000703a00000, 0x0000000703a00000|100%| O|  |TAMS 0x0000000703a00000, 0x0000000703800000| Untracked 
|  29|0x0000000703a00000, 0x0000000703c00000, 0x0000000703c00000|100%| O|  |TAMS 0x0000000703c00000, 0x0000000703a00000| Untracked 
|  30|0x0000000703c00000, 0x0000000703e00000, 0x0000000703e00000|100%| O|  |TAMS 0x0000000703e00000, 0x0000000703c00000| Untracked 
|  31|0x0000000703e00000, 0x0000000703fffff8, 0x0000000704000000| 99%| O|  |TAMS 0x0000000703fffff8, 0x0000000703e00000| Untracked 
|  32|0x0000000704000000, 0x0000000704200000, 0x0000000704200000|100%| O|  |TAMS 0x0000000704200000, 0x0000000704000000| Untracked 
|  33|0x0000000704200000, 0x0000000704400000, 0x0000000704400000|100%| O|  |TAMS 0x0000000704400000, 0x0000000704200000| Untracked 
|  34|0x0000000704400000, 0x0000000704600000, 0x0000000704600000|100%| O|  |TAMS 0x0000000704600000, 0x0000000704400000| Untracked 
|  35|0x0000000704600000, 0x0000000704800000, 0x0000000704800000|100%| O|  |TAMS 0x0000000704800000, 0x0000000704600000| Untracked 
|  36|0x0000000704800000, 0x0000000704a00000, 0x0000000704a00000|100%| O|  |TAMS 0x0000000704a00000, 0x0000000704800000| Untracked 
|  37|0x0000000704a00000, 0x0000000704c00000, 0x0000000704c00000|100%| O|  |TAMS 0x0000000704c00000, 0x0000000704a00000| Untracked 
|  38|0x0000000704c00000, 0x0000000704e00000, 0x0000000704e00000|100%| O|  |TAMS 0x0000000704e00000, 0x0000000704c00000| Untracked 
|  39|0x0000000704e00000, 0x0000000705000000, 0x0000000705000000|100%| O|  |TAMS 0x0000000705000000, 0x0000000704e00000| Complete 
|  40|0x0000000705000000, 0x0000000705200000, 0x0000000705200000|100%| O|  |TAMS 0x0000000705200000, 0x0000000705000000| Untracked 
|  41|0x0000000705200000, 0x0000000705400000, 0x0000000705400000|100%| O|  |TAMS 0x0000000705400000, 0x0000000705200000| Untracked 
|  42|0x0000000705400000, 0x0000000705600000, 0x0000000705600000|100%| O|  |TAMS 0x0000000705600000, 0x0000000705400000| Untracked 
|  43|0x0000000705600000, 0x0000000705800000, 0x0000000705800000|100%| O|  |TAMS 0x0000000705800000, 0x0000000705600000| Untracked 
|  44|0x0000000705800000, 0x0000000705a00000, 0x0000000705a00000|100%| O|  |TAMS 0x0000000705a00000, 0x0000000705800000| Untracked 
|  45|0x0000000705a00000, 0x0000000705c00000, 0x0000000705c00000|100%| O|  |TAMS 0x0000000705c00000, 0x0000000705a00000| Untracked 
|  46|0x0000000705c00000, 0x0000000705e00000, 0x0000000705e00000|100%| O|  |TAMS 0x0000000705e00000, 0x0000000705c00000| Untracked 
|  47|0x0000000705e00000, 0x0000000706000000, 0x0000000706000000|100%| O|  |TAMS 0x0000000706000000, 0x0000000705e00000| Untracked 
|  48|0x0000000706000000, 0x0000000706200000, 0x0000000706200000|100%| O|  |TAMS 0x0000000706200000, 0x0000000706000000| Untracked 
|  49|0x0000000706200000, 0x0000000706400000, 0x0000000706400000|100%| O|  |TAMS 0x0000000706400000, 0x0000000706200000| Untracked 
|  50|0x0000000706400000, 0x0000000706600000, 0x0000000706600000|100%| O|  |TAMS 0x0000000706600000, 0x0000000706400000| Untracked 
|  51|0x0000000706600000, 0x0000000706800000, 0x0000000706800000|100%| O|  |TAMS 0x0000000706800000, 0x0000000706600000| Untracked 
|  52|0x0000000706800000, 0x0000000706a00000, 0x0000000706a00000|100%| O|  |TAMS 0x00000007068ea000, 0x0000000706800000| Untracked 
|  53|0x0000000706a00000, 0x0000000706c00000, 0x0000000706c00000|100%| O|  |TAMS 0x0000000706a00000, 0x0000000706a00000| Untracked 
|  54|0x0000000706c00000, 0x0000000706e00000, 0x0000000706e00000|100%| O|  |TAMS 0x0000000706c00000, 0x0000000706c00000| Untracked 
|  55|0x0000000706e00000, 0x0000000707000000, 0x0000000707000000|100%| O|  |TAMS 0x0000000706e00000, 0x0000000706e00000| Untracked 
|  56|0x0000000707000000, 0x00000007070e9400, 0x0000000707200000| 45%| O|  |TAMS 0x0000000707000000, 0x0000000707000000| Untracked 
|  57|0x0000000707200000, 0x0000000707200000, 0x0000000707400000|  0%| F|  |TAMS 0x0000000707200000, 0x0000000707200000| Untracked 
|  58|0x0000000707400000, 0x0000000707400000, 0x0000000707600000|  0%| F|  |TAMS 0x0000000707400000, 0x0000000707400000| Untracked 
|  59|0x0000000707600000, 0x0000000707600000, 0x0000000707800000|  0%| F|  |TAMS 0x0000000707600000, 0x0000000707600000| Untracked 
|  60|0x0000000707800000, 0x0000000707800000, 0x0000000707a00000|  0%| F|  |TAMS 0x0000000707800000, 0x0000000707800000| Untracked 
|  61|0x0000000707a00000, 0x0000000707a00000, 0x0000000707c00000|  0%| F|  |TAMS 0x0000000707a00000, 0x0000000707a00000| Untracked 
|  62|0x0000000707c00000, 0x0000000707c00000, 0x0000000707e00000|  0%| F|  |TAMS 0x0000000707c00000, 0x0000000707c00000| Untracked 
|  63|0x0000000707e00000, 0x0000000707e00000, 0x0000000708000000|  0%| F|  |TAMS 0x0000000707e00000, 0x0000000707e00000| Untracked 
|  64|0x0000000708000000, 0x0000000708000000, 0x0000000708200000|  0%| F|  |TAMS 0x0000000708000000, 0x0000000708000000| Untracked 
|  65|0x0000000708200000, 0x0000000708200000, 0x0000000708400000|  0%| F|  |TAMS 0x0000000708200000, 0x0000000708200000| Untracked 
|  66|0x0000000708400000, 0x0000000708400000, 0x0000000708600000|  0%| F|  |TAMS 0x0000000708400000, 0x0000000708400000| Untracked 
|  67|0x0000000708600000, 0x0000000708600000, 0x0000000708800000|  0%| F|  |TAMS 0x0000000708600000, 0x0000000708600000| Untracked 
|  68|0x0000000708800000, 0x0000000708800000, 0x0000000708a00000|  0%| F|  |TAMS 0x0000000708800000, 0x0000000708800000| Untracked 
|  69|0x0000000708a00000, 0x0000000708a00000, 0x0000000708c00000|  0%| F|  |TAMS 0x0000000708a00000, 0x0000000708a00000| Untracked 
|  70|0x0000000708c00000, 0x0000000708c00000, 0x0000000708e00000|  0%| F|  |TAMS 0x0000000708c00000, 0x0000000708c00000| Untracked 
|  71|0x0000000708e00000, 0x0000000708e00000, 0x0000000709000000|  0%| F|  |TAMS 0x0000000708e00000, 0x0000000708e00000| Untracked 
|  72|0x0000000709000000, 0x0000000709000000, 0x0000000709200000|  0%| F|  |TAMS 0x0000000709000000, 0x0000000709000000| Untracked 
|  73|0x0000000709200000, 0x0000000709200000, 0x0000000709400000|  0%| F|  |TAMS 0x0000000709200000, 0x0000000709200000| Untracked 
|  74|0x0000000709400000, 0x0000000709600000, 0x0000000709600000|100%| S|CS|TAMS 0x0000000709400000, 0x0000000709400000| Complete 
|  75|0x0000000709600000, 0x0000000709800000, 0x0000000709800000|100%| S|CS|TAMS 0x0000000709600000, 0x0000000709600000| Complete 
|  76|0x0000000709800000, 0x0000000709800000, 0x0000000709a00000|  0%| F|  |TAMS 0x0000000709800000, 0x0000000709800000| Untracked 
|  77|0x0000000709a00000, 0x0000000709a00000, 0x0000000709c00000|  0%| F|  |TAMS 0x0000000709a00000, 0x0000000709a00000| Untracked 
|  78|0x0000000709c00000, 0x0000000709c00000, 0x0000000709e00000|  0%| F|  |TAMS 0x0000000709c00000, 0x0000000709c00000| Untracked 
|  79|0x0000000709e00000, 0x0000000709e00000, 0x000000070a000000|  0%| F|  |TAMS 0x0000000709e00000, 0x0000000709e00000| Untracked 
|  80|0x000000070a000000, 0x000000070a000000, 0x000000070a200000|  0%| F|  |TAMS 0x000000070a000000, 0x000000070a000000| Untracked 
|  81|0x000000070a200000, 0x000000070a200000, 0x000000070a400000|  0%| F|  |TAMS 0x000000070a200000, 0x000000070a200000| Untracked 
|  82|0x000000070a400000, 0x000000070a400000, 0x000000070a600000|  0%| F|  |TAMS 0x000000070a400000, 0x000000070a400000| Untracked 
|  83|0x000000070a600000, 0x000000070a600000, 0x000000070a800000|  0%| F|  |TAMS 0x000000070a600000, 0x000000070a600000| Untracked 
|  84|0x000000070a800000, 0x000000070a800000, 0x000000070aa00000|  0%| F|  |TAMS 0x000000070a800000, 0x000000070a800000| Untracked 
|  85|0x000000070aa00000, 0x000000070aa00000, 0x000000070ac00000|  0%| F|  |TAMS 0x000000070aa00000, 0x000000070aa00000| Untracked 
|  86|0x000000070ac00000, 0x000000070ac00000, 0x000000070ae00000|  0%| F|  |TAMS 0x000000070ac00000, 0x000000070ac00000| Untracked 
|  87|0x000000070ae00000, 0x000000070ae00000, 0x000000070b000000|  0%| F|  |TAMS 0x000000070ae00000, 0x000000070ae00000| Untracked 
|  88|0x000000070b000000, 0x000000070b000000, 0x000000070b200000|  0%| F|  |TAMS 0x000000070b000000, 0x000000070b000000| Untracked 
|  89|0x000000070b200000, 0x000000070b200000, 0x000000070b400000|  0%| F|  |TAMS 0x000000070b200000, 0x000000070b200000| Untracked 
|  90|0x000000070b400000, 0x000000070b5ba4a0, 0x000000070b600000| 86%| E|  |TAMS 0x000000070b400000, 0x000000070b400000| Complete 
|  91|0x000000070b600000, 0x000000070b800000, 0x000000070b800000|100%| E|CS|TAMS 0x000000070b600000, 0x000000070b600000| Complete 
|  92|0x000000070b800000, 0x000000070ba00000, 0x000000070ba00000|100%| E|CS|TAMS 0x000000070b800000, 0x000000070b800000| Complete 
|  93|0x000000070ba00000, 0x000000070bc00000, 0x000000070bc00000|100%| E|CS|TAMS 0x000000070ba00000, 0x000000070ba00000| Complete 
|  94|0x000000070bc00000, 0x000000070be00000, 0x000000070be00000|100%| E|CS|TAMS 0x000000070bc00000, 0x000000070bc00000| Complete 
|  95|0x000000070be00000, 0x000000070c000000, 0x000000070c000000|100%| E|CS|TAMS 0x000000070be00000, 0x000000070be00000| Complete 
|  96|0x000000070c000000, 0x000000070c200000, 0x000000070c200000|100%| E|CS|TAMS 0x000000070c000000, 0x000000070c000000| Complete 
|  97|0x000000070c200000, 0x000000070c400000, 0x000000070c400000|100%| E|CS|TAMS 0x000000070c200000, 0x000000070c200000| Complete 
|  98|0x000000070c400000, 0x000000070c600000, 0x000000070c600000|100%| E|CS|TAMS 0x000000070c400000, 0x000000070c400000| Complete 
|  99|0x000000070c600000, 0x000000070c800000, 0x000000070c800000|100%| E|CS|TAMS 0x000000070c600000, 0x000000070c600000| Complete 
| 100|0x000000070c800000, 0x000000070ca00000, 0x000000070ca00000|100%| E|CS|TAMS 0x000000070c800000, 0x000000070c800000| Complete 
| 101|0x000000070ca00000, 0x000000070cc00000, 0x000000070cc00000|100%| E|CS|TAMS 0x000000070ca00000, 0x000000070ca00000| Complete 
| 102|0x000000070cc00000, 0x000000070ce00000, 0x000000070ce00000|100%| E|CS|TAMS 0x000000070cc00000, 0x000000070cc00000| Complete 
| 103|0x000000070ce00000, 0x000000070d000000, 0x000000070d000000|100%| E|CS|TAMS 0x000000070ce00000, 0x000000070ce00000| Complete 
| 104|0x000000070d000000, 0x000000070d200000, 0x000000070d200000|100%| E|CS|TAMS 0x000000070d000000, 0x000000070d000000| Complete 

Card table byte_map: [0x00000156b5220000,0x00000156b5a20000] _byte_map_base: 0x00000156b1a20000

Marking Bits (Prev, Next): (CMBitMap*) 0x000001569e1c0380, (CMBitMap*) 0x000001569e1c0340
 Prev Bits: [0x00000156ba220000, 0x00000156be220000)
 Next Bits: [0x00000156b6220000, 0x00000156ba220000)

Polling page: 0x000001569c0d0000

Metaspace:

Usage:
  Non-class:     75.15 MB used.
      Class:     12.19 MB used.
       Both:     87.34 MB used.

Virtual space:
  Non-class space:      128.00 MB reserved,      75.69 MB ( 59%) committed,  2 nodes.
      Class space:        1.00 GB reserved,      12.62 MB (  1%) committed,  1 nodes.
             Both:        1.12 GB reserved,      88.31 MB (  8%) committed. 

Chunk freelists:
   Non-Class:  4.36 MB
       Class:  3.41 MB
        Both:  7.77 MB

MaxMetaspaceSize: unlimited
CompressedClassSpaceSize: 1.00 GB
Initial GC threshold: 21.00 MB
Current GC threshold: 145.44 MB
CDS: on
MetaspaceReclaimPolicy: balanced
 - commit_granule_bytes: 65536.
 - commit_granule_words: 8192.
 - virtual_space_node_default_size: 8388608.
 - enlarge_chunks_in_place: 1.
 - new_chunks_are_fully_committed: 0.
 - uncommit_free_chunks: 1.
 - use_allocation_guard: 0.
 - handle_deallocations: 1.


Internal statistics:

num_allocs_failed_limit: 6.
num_arena_births: 1210.
num_arena_deaths: 0.
num_vsnodes_births: 3.
num_vsnodes_deaths: 0.
num_space_committed: 1413.
num_space_uncommitted: 0.
num_chunks_returned_to_freelist: 6.
num_chunks_taken_from_freelist: 5089.
num_chunk_merges: 3.
num_chunk_splits: 3254.
num_chunks_enlarged: 2073.
num_inconsistent_stats: 0.

CodeHeap 'non-profiled nmethods': size=120000Kb used=8212Kb max_used=8399Kb free=111787Kb
 bounds [0x00000156ad4f0000, 0x00000156add30000, 0x00000156b4a20000]
CodeHeap 'profiled nmethods': size=120000Kb used=21632Kb max_used=23550Kb free=98367Kb
 bounds [0x00000156a5a20000, 0x00000156a7120000, 0x00000156acf50000]
CodeHeap 'non-nmethods': size=5760Kb used=2412Kb max_used=2473Kb free=3347Kb
 bounds [0x00000156acf50000, 0x00000156ad1d0000, 0x00000156ad4f0000]
 total_blobs=12152 nmethods=11217 adapters=845
 compilation: enabled
              stopped_count=0, restarted_count=0
 full_count=0

Compilation events (20 events):
Event: 101.676 Thread 0x00000156c06efe10 13266       3       java.util.concurrent.ScheduledThreadPoolExecutor$DelayedWorkQueue::setIndex (16 bytes)
Event: 101.677 Thread 0x00000156c06efe10 nmethod 13266 0x00000156a5b0cb10 code [0x00000156a5b0ccc0, 0x00000156a5b0cfd8]
Event: 106.565 Thread 0x00000156c06e3800 13267   !   4       java.util.concurrent.LinkedBlockingQueue::poll (128 bytes)
Event: 106.589 Thread 0x00000156c06e3800 nmethod 13267 0x00000156ad877b90 code [0x00000156ad877d80, 0x00000156ad878690]
Event: 106.589 Thread 0x00000156c06e3800 13268       4       org.gradle.launcher.daemon.server.exec.DaemonConnectionBackedEventConsumer$ForwardEvents::moreMessagesToSend (35 bytes)
Event: 106.590 Thread 0x00000156c06e3800 nmethod 13268 0x00000156ad9f5710 code [0x00000156ad9f5880, 0x00000156ad9f5938]
Event: 107.341 Thread 0x00000156c06efe10 13269       1       org.gradle.internal.logging.events.RenderableOutputEvent::getBuildOperationId (5 bytes)
Event: 107.341 Thread 0x00000156c06e3800 13271       4       org.gradle.internal.logging.text.AbstractLineChoppingStyledTextOutput$1::execute (9 bytes)
Event: 107.341 Thread 0x00000156c06efe10 nmethod 13269 0x00000156adb24a10 code [0x00000156adb24ba0, 0x00000156adb24c78]
Event: 107.341 Thread 0x00000156c06efe10 13274       2       org.gradle.internal.logging.text.AbstractLineChoppingStyledTextOutput$StateContext::setState (10 bytes)
Event: 107.341 Thread 0x00000156c06efe10 nmethod 13274 0x00000156a5b72b90 code [0x00000156a5b72d20, 0x00000156a5b72e98]
Event: 107.341 Thread 0x00000156c06efe10 13270       3       org.gradle.internal.logging.text.AbstractStyledTextOutput::style (20 bytes)
Event: 107.341 Thread 0x00000156c06efe10 nmethod 13270 0x00000156a5a7eb10 code [0x00000156a5a7ecc0, 0x00000156a5a7ef48]
Event: 107.341 Thread 0x00000156c06efe10 13276       3       org.gradle.internal.io.LineBufferingOutputStream::write (59 bytes)
Event: 107.342 Thread 0x00000156c06efe10 nmethod 13276 0x00000156a605a110 code [0x00000156a605a3c0, 0x00000156a605b218]
Event: 107.342 Thread 0x00000156c06efe10 13277       3       org.gradle.internal.io.StreamByteBuffer$StreamByteBufferOutputStream::write (22 bytes)
Event: 107.342 Thread 0x00000156c06efe10 nmethod 13277 0x00000156a5aaa090 code [0x00000156a5aaa240, 0x00000156a5aaa418]
Event: 107.342 Thread 0x00000156c06efe10 13279       3       org.gradle.internal.io.StreamByteBuffer$StreamByteBufferChunk::write (32 bytes)
Event: 107.342 Thread 0x000001570a343e70 13275       4       org.gradle.internal.logging.text.AbstractLineChoppingStyledTextOutput::doAppend (43 bytes)
Event: 107.343 Thread 0x00000156c06efe10 nmethod 13279 0x00000156a5a5b690 code [0x00000156a5a5b840, 0x00000156a5a5b9f8]

GC Heap History (20 events):
Event: 20.663 GC heap before
{Heap before GC invocations=26 (full 0):
 garbage-first heap   total 112640K, used 87401K [0x0000000700000000, 0x0000000800000000)
  region size 2048K, 13 young (26624K), 1 survivors (2048K)
 Metaspace       used 65089K, committed 65728K, reserved 1114112K
  class space    used 8989K, committed 9280K, reserved 1048576K
}
Event: 20.667 GC heap after
{Heap after GC invocations=27 (full 0):
 garbage-first heap   total 112640K, used 64290K [0x0000000700000000, 0x0000000800000000)
  region size 2048K, 2 young (4096K), 2 survivors (4096K)
 Metaspace       used 65089K, committed 65728K, reserved 1114112K
  class space    used 8989K, committed 9280K, reserved 1048576K
}
Event: 21.190 GC heap before
{Heap before GC invocations=28 (full 0):
 garbage-first heap   total 120832K, used 84770K [0x0000000700000000, 0x0000000800000000)
  region size 2048K, 13 young (26624K), 2 survivors (4096K)
 Metaspace       used 67106K, committed 67776K, reserved 1114112K
  class space    used 9225K, committed 9536K, reserved 1048576K
}
Event: 21.194 GC heap after
{Heap after GC invocations=29 (full 0):
 garbage-first heap   total 120832K, used 65547K [0x0000000700000000, 0x0000000800000000)
  region size 2048K, 2 young (4096K), 2 survivors (4096K)
 Metaspace       used 67106K, committed 67776K, reserved 1114112K
  class space    used 9225K, committed 9536K, reserved 1048576K
}
Event: 21.747 GC heap before
{Heap before GC invocations=29 (full 0):
 garbage-first heap   total 120832K, used 96267K [0x0000000700000000, 0x0000000800000000)
  region size 2048K, 17 young (34816K), 2 survivors (4096K)
 Metaspace       used 68864K, committed 69568K, reserved 1114112K
  class space    used 9465K, committed 9792K, reserved 1048576K
}
Event: 21.753 GC heap after
{Heap after GC invocations=30 (full 0):
 garbage-first heap   total 198656K, used 68000K [0x0000000700000000, 0x0000000800000000)
  region size 2048K, 3 young (6144K), 3 survivors (6144K)
 Metaspace       used 68864K, committed 69568K, reserved 1114112K
  class space    used 9465K, committed 9792K, reserved 1048576K
}
Event: 23.218 GC heap before
{Heap before GC invocations=31 (full 0):
 garbage-first heap   total 198656K, used 156064K [0x0000000700000000, 0x0000000800000000)
  region size 2048K, 46 young (94208K), 3 survivors (6144K)
 Metaspace       used 70326K, committed 71040K, reserved 1114112K
  class space    used 9652K, committed 9984K, reserved 1048576K
}
Event: 23.228 GC heap after
{Heap after GC invocations=32 (full 0):
 garbage-first heap   total 198656K, used 74459K [0x0000000700000000, 0x0000000800000000)
  region size 2048K, 6 young (12288K), 6 survivors (12288K)
 Metaspace       used 70326K, committed 71040K, reserved 1114112K
  class space    used 9652K, committed 9984K, reserved 1048576K
}
Event: 24.550 GC heap before
{Heap before GC invocations=32 (full 0):
 garbage-first heap   total 198656K, used 156379K [0x0000000700000000, 0x0000000800000000)
  region size 2048K, 46 young (94208K), 6 survivors (12288K)
 Metaspace       used 76263K, committed 76992K, reserved 1179648K
  class space    used 10659K, committed 11008K, reserved 1048576K
}
Event: 24.567 GC heap after
{Heap after GC invocations=33 (full 0):
 garbage-first heap   total 198656K, used 81776K [0x0000000700000000, 0x0000000800000000)
  region size 2048K, 4 young (8192K), 4 survivors (8192K)
 Metaspace       used 76263K, committed 76992K, reserved 1179648K
  class space    used 10659K, committed 11008K, reserved 1048576K
}
Event: 26.921 GC heap before
{Heap before GC invocations=33 (full 0):
 garbage-first heap   total 198656K, used 155504K [0x0000000700000000, 0x0000000800000000)
  region size 2048K, 41 young (83968K), 4 survivors (8192K)
 Metaspace       used 79068K, committed 79872K, reserved 1179648K
  class space    used 11062K, committed 11456K, reserved 1048576K
}
Event: 26.938 GC heap after
{Heap after GC invocations=34 (full 0):
 garbage-first heap   total 198656K, used 91971K [0x0000000700000000, 0x0000000800000000)
  region size 2048K, 5 young (10240K), 5 survivors (10240K)
 Metaspace       used 79068K, committed 79872K, reserved 1179648K
  class space    used 11062K, committed 11456K, reserved 1048576K
}
Event: 44.680 GC heap before
{Heap before GC invocations=34 (full 0):
 garbage-first heap   total 198656K, used 157507K [0x0000000700000000, 0x0000000800000000)
  region size 2048K, 37 young (75776K), 5 survivors (10240K)
 Metaspace       used 80062K, committed 80960K, reserved 1179648K
  class space    used 11169K, committed 11584K, reserved 1048576K
}
Event: 44.708 GC heap after
{Heap after GC invocations=35 (full 0):
 garbage-first heap   total 198656K, used 101429K [0x0000000700000000, 0x0000000800000000)
  region size 2048K, 5 young (10240K), 5 survivors (10240K)
 Metaspace       used 80062K, committed 80960K, reserved 1179648K
  class space    used 11169K, committed 11584K, reserved 1048576K
}
Event: 85.256 GC heap before
{Heap before GC invocations=35 (full 0):
 garbage-first heap   total 198656K, used 154677K [0x0000000700000000, 0x0000000800000000)
  region size 2048K, 32 young (65536K), 5 survivors (10240K)
 Metaspace       used 85812K, committed 86784K, reserved 1179648K
  class space    used 11969K, committed 12416K, reserved 1048576K
}
Event: 85.274 GC heap after
{Heap after GC invocations=36 (full 0):
 garbage-first heap   total 198656K, used 107354K [0x0000000700000000, 0x0000000800000000)
  region size 2048K, 3 young (6144K), 3 survivors (6144K)
 Metaspace       used 85812K, committed 86784K, reserved 1179648K
  class space    used 11969K, committed 12416K, reserved 1048576K
}
Event: 93.395 GC heap before
{Heap before GC invocations=37 (full 0):
 garbage-first heap   total 198656K, used 158554K [0x0000000700000000, 0x0000000800000000)
  region size 2048K, 28 young (57344K), 3 survivors (6144K)
 Metaspace       used 87508K, committed 88576K, reserved 1179648K
  class space    used 12193K, committed 12672K, reserved 1048576K
}
Event: 93.443 GC heap after
{Heap after GC invocations=38 (full 0):
 garbage-first heap   total 198656K, used 115623K [0x0000000700000000, 0x0000000800000000)
  region size 2048K, 4 young (8192K), 4 survivors (8192K)
 Metaspace       used 87508K, committed 88576K, reserved 1179648K
  class space    used 12193K, committed 12672K, reserved 1048576K
}
Event: 98.347 GC heap before
{Heap before GC invocations=38 (full 0):
 garbage-first heap   total 198656K, used 156583K [0x0000000700000000, 0x0000000800000000)
  region size 2048K, 25 young (51200K), 4 survivors (8192K)
 Metaspace       used 88326K, committed 89344K, reserved 1179648K
  class space    used 12309K, committed 12736K, reserved 1048576K
}
Event: 98.362 GC heap after
{Heap after GC invocations=39 (full 0):
 garbage-first heap   total 198656K, used 119716K [0x0000000700000000, 0x0000000800000000)
  region size 2048K, 2 young (4096K), 2 survivors (4096K)
 Metaspace       used 88326K, committed 89344K, reserved 1179648K
  class space    used 12309K, committed 12736K, reserved 1048576K
}

Deoptimization events (20 events):
Event: 107.341 Thread 0x00000157085d5060 Uncommon trap: trap_request=0xffffffc6 fr.pc=0x00000156adafa4b0 relative=0x0000000000000430
Event: 107.341 Thread 0x00000157085d5060 Uncommon trap: reason=bimorphic_or_optimized_type_check action=maybe_recompile pc=0x00000156adafa4b0 method=org.gradle.internal.logging.sink.OutputEventRenderer.onOutput(Lorg/gradle/internal/logging/events/OutputEvent;)V @ 1 c2
Event: 107.341 Thread 0x00000157085d5060 DEOPT PACKING pc=0x00000156adafa4b0 sp=0x0000000ecf7feb10
Event: 107.341 Thread 0x00000157085d5060 DEOPT UNPACKING pc=0x00000156acfa5ba3 sp=0x0000000ecf7fea68 mode 2
Event: 107.341 Thread 0x00000157085d5060 Uncommon trap: trap_request=0xffffffde fr.pc=0x00000156adb07228 relative=0x0000000000004208
Event: 107.341 Thread 0x00000157085d5060 Uncommon trap: reason=class_check action=maybe_recompile pc=0x00000156adb07228 method=org.gradle.internal.logging.sink.OutputEventTransformer.onOutput(Lorg/gradle/internal/logging/events/OutputEvent;)V @ 225 c2
Event: 107.341 Thread 0x00000157085d5060 DEOPT PACKING pc=0x00000156adb07228 sp=0x0000000ecf7fe9c0
Event: 107.341 Thread 0x00000157085d5060 DEOPT UNPACKING pc=0x00000156acfa5ba3 sp=0x0000000ecf7fe9c8 mode 2
Event: 107.341 Thread 0x00000157085d5060 Uncommon trap: trap_request=0xffffffc6 fr.pc=0x00000156adafa4b0 relative=0x0000000000000430
Event: 107.341 Thread 0x00000157085d5060 Uncommon trap: reason=bimorphic_or_optimized_type_check action=maybe_recompile pc=0x00000156adafa4b0 method=org.gradle.internal.logging.sink.OutputEventRenderer.onOutput(Lorg/gradle/internal/logging/events/OutputEvent;)V @ 1 c2
Event: 107.341 Thread 0x00000157085d5060 DEOPT PACKING pc=0x00000156adafa4b0 sp=0x0000000ecf7feb10
Event: 107.341 Thread 0x00000157085d5060 DEOPT UNPACKING pc=0x00000156acfa5ba3 sp=0x0000000ecf7fea68 mode 2
Event: 107.341 Thread 0x00000157085d5060 Uncommon trap: trap_request=0xffffffde fr.pc=0x00000156adb07228 relative=0x0000000000004208
Event: 107.341 Thread 0x00000157085d5060 Uncommon trap: reason=class_check action=maybe_recompile pc=0x00000156adb07228 method=org.gradle.internal.logging.sink.OutputEventTransformer.onOutput(Lorg/gradle/internal/logging/events/OutputEvent;)V @ 225 c2
Event: 107.341 Thread 0x00000157085d5060 DEOPT PACKING pc=0x00000156adb07228 sp=0x0000000ecf7fe9c0
Event: 107.341 Thread 0x00000157085d5060 DEOPT UNPACKING pc=0x00000156acfa5ba3 sp=0x0000000ecf7fe9c8 mode 2
Event: 107.341 Thread 0x00000157085d5060 Uncommon trap: trap_request=0xffffffc6 fr.pc=0x00000156adaf99b8 relative=0x00000000000002d8
Event: 107.341 Thread 0x00000157085d5060 Uncommon trap: reason=bimorphic_or_optimized_type_check action=maybe_recompile pc=0x00000156adaf99b8 method=org.gradle.internal.logging.sink.OutputEventRenderer.onOutput(Lorg/gradle/internal/logging/events/OutputEvent;)V @ 1 c2
Event: 107.341 Thread 0x00000157085d5060 DEOPT PACKING pc=0x00000156adaf99b8 sp=0x0000000ecf7feab0
Event: 107.341 Thread 0x00000157085d5060 DEOPT UNPACKING pc=0x00000156acfa5ba3 sp=0x0000000ecf7fea68 mode 2

Classes unloaded (0 events):
No events

Classes redefined (0 events):
No events

Internal exceptions (20 events):
Event: 99.217 Thread 0x0000015708b19810 Exception <a 'java/lang/ClassNotFoundException'{0x000000070c889980}: org/gradle/process/internal/DefaultExecAction_DecoratedBeanInfo> (0x000000070c889980) 
thrown [s\open\src\hotspot\share\classfile\systemDictionary.cpp, line 256]
Event: 99.217 Thread 0x0000015708b19810 Exception <a 'java/lang/ClassNotFoundException'{0x000000070c89a5b8}: org/gradle/process/internal/DefaultExecActionBeanInfo> (0x000000070c89a5b8) 
thrown [s\open\src\hotspot\share\classfile\systemDictionary.cpp, line 256]
Event: 99.217 Thread 0x0000015708b19810 Exception <a 'java/lang/ClassNotFoundException'{0x000000070c8ab8c0}: org/gradle/process/internal/DefaultExecHandleBuilderBeanInfo> (0x000000070c8ab8c0) 
thrown [s\open\src\hotspot\share\classfile\systemDictionary.cpp, line 256]
Event: 99.218 Thread 0x0000015708b19810 Exception <a 'java/lang/ClassNotFoundException'{0x000000070c8bd658}: org/gradle/process/internal/AbstractExecHandleBuilderBeanInfo> (0x000000070c8bd658) 
thrown [s\open\src\hotspot\share\classfile\systemDictionary.cpp, line 256]
Event: 99.218 Thread 0x0000015708b19810 Exception <a 'java/lang/ClassNotFoundException'{0x000000070c8cf6a0}: org/gradle/process/internal/DefaultProcessForkOptionsBeanInfo> (0x000000070c8cf6a0) 
thrown [s\open\src\hotspot\share\classfile\systemDictionary.cpp, line 256]
Event: 99.218 Thread 0x0000015708b19810 Exception <a 'java/lang/ClassNotFoundException'{0x000000070c8e1808}: org/gradle/process/internal/DefaultProcessForkOptionsCustomizer> (0x000000070c8e1808) 
thrown [s\open\src\hotspot\share\classfile\systemDictionary.cpp, line 256]
Event: 99.219 Thread 0x0000015708b19810 Exception <a 'java/lang/ClassNotFoundException'{0x000000070c900a50}: org/gradle/process/internal/AbstractExecHandleBuilderCustomizer> (0x000000070c900a50) 
thrown [s\open\src\hotspot\share\classfile\systemDictionary.cpp, line 256]
Event: 99.220 Thread 0x0000015708b19810 Exception <a 'java/lang/ClassNotFoundException'{0x000000070c924098}: org/gradle/process/internal/DefaultExecHandleBuilderCustomizer> (0x000000070c924098) 
thrown [s\open\src\hotspot\share\classfile\systemDictionary.cpp, line 256]
Event: 99.221 Thread 0x0000015708b19810 Exception <a 'java/lang/ClassNotFoundException'{0x000000070c962c08}: org/gradle/process/internal/DefaultExecActionCustomizer> (0x000000070c962c08) 
thrown [s\open\src\hotspot\share\classfile\systemDictionary.cpp, line 256]
Event: 99.221 Thread 0x0000015708b19810 Exception <a 'java/lang/ClassNotFoundException'{0x000000070c97d078}: org/gradle/process/internal/DefaultExecAction_DecoratedCustomizer> (0x000000070c97d078) 
thrown [s\open\src\hotspot\share\classfile\systemDictionary.cpp, line 256]
Event: 99.223 Thread 0x0000015708b19810 Exception <a 'java/lang/ClassNotFoundException'{0x000000070c9b49a0}: org/gradle/api/logging/LogLevelBeanInfo> (0x000000070c9b49a0) 
thrown [s\open\src\hotspot\share\classfile\systemDictionary.cpp, line 256]
Event: 99.223 Thread 0x0000015708b19810 Exception <a 'java/lang/ClassNotFoundException'{0x000000070c9c4478}: org/gradle/api/logging/LogLevelCustomizer> (0x000000070c9c4478) 
thrown [s\open\src\hotspot\share\classfile\systemDictionary.cpp, line 256]
Event: 99.225 Thread 0x0000015708b19810 Exception <a 'java/lang/ClassNotFoundException'{0x000000070c6084b8}: org/gradle/internal/logging/services/DefaultLoggingManagerBeanInfo> (0x000000070c6084b8) 
thrown [s\open\src\hotspot\share\classfile\systemDictionary.cpp, line 256]
Event: 99.225 Thread 0x0000015708b19810 Exception <a 'java/lang/ClassNotFoundException'{0x000000070c618b38}: org/gradle/internal/logging/services/DefaultLoggingManagerCustomizer> (0x000000070c618b38) 
thrown [s\open\src\hotspot\share\classfile\systemDictionary.cpp, line 256]
Event: 99.227 Thread 0x0000015708b19810 Exception <a 'java/lang/ClassNotFoundException'{0x000000070c648c80}: java/lang/BooleanBeanInfo> (0x000000070c648c80) 
thrown [s\open\src\hotspot\share\classfile\systemDictionary.cpp, line 256]
Event: 99.228 Thread 0x0000015708b19810 Exception <a 'java/lang/ClassNotFoundException'{0x000000070c64e8a8}: java/lang/BooleanCustomizer> (0x000000070c64e8a8) 
thrown [s\open\src\hotspot\share\classfile\systemDictionary.cpp, line 256]
Event: 99.964 Thread 0x0000015708b1a740 Exception <a 'java/lang/NoSuchMethodError'{0x000000070c6c1138}: 'void java.lang.invoke.DirectMethodHandle$Holder.invokeStatic(java.lang.Object, long)'> (0x000000070c6c1138) 
thrown [s\open\src\hotspot\share\interpreter\linkResolver.cpp, line 759]
Event: 99.965 Thread 0x0000015708b1a740 Exception <a 'java/lang/NoSuchMethodError'{0x000000070c6c9b50}: 'java.lang.Object java.lang.invoke.DirectMethodHandle$Holder.newInvokeSpecial(java.lang.Object, long)'> (0x000000070c6c9b50) 
thrown [s\open\src\hotspot\share\interpreter\linkResolver.cpp, line 759]
Event: 100.003 Thread 0x0000015708b1a740 Exception <a 'java/lang/NoSuchMethodError'{0x000000070c6d05b0}: 'java.lang.Object java.lang.invoke.DirectMethodHandle$Holder.invokeStatic(java.lang.Object, java.lang.Object, long, java.lang.Object)'> (0x000000070c6d05b0) 
thrown [s\open\src\hotspot\share\interpreter\linkResolver.cpp, line 759]
Event: 100.003 Thread 0x0000015708b1a740 Exception <a 'java/lang/NoSuchMethodError'{0x000000070c6d41e8}: 'java.lang.Object java.lang.invoke.DirectMethodHandle$Holder.invokeStaticInit(java.lang.Object, java.lang.Object, long, java.lang.Object)'> (0x000000070c6d41e8) 
thrown [s\open\src\hotspot\share\interpreter\linkResolver.cpp, line 759]

VM Operations (20 events):
Event: 98.580 Executing VM operation: G1Concurrent
Event: 98.580 Executing VM operation: G1Concurrent done
Event: 99.080 Executing VM operation: HandshakeAllThreads
Event: 99.080 Executing VM operation: HandshakeAllThreads done
Event: 99.081 Executing VM operation: HandshakeAllThreads
Event: 99.081 Executing VM operation: HandshakeAllThreads done
Event: 99.084 Executing VM operation: HandshakeAllThreads
Event: 99.084 Executing VM operation: HandshakeAllThreads done
Event: 99.098 Executing VM operation: HandshakeAllThreads
Event: 99.098 Executing VM operation: HandshakeAllThreads done
Event: 100.010 Executing VM operation: HandshakeAllThreads
Event: 100.010 Executing VM operation: HandshakeAllThreads done
Event: 100.010 Executing VM operation: Cleanup
Event: 100.011 Executing VM operation: Cleanup done
Event: 101.025 Executing VM operation: Cleanup
Event: 101.025 Executing VM operation: Cleanup done
Event: 103.044 Executing VM operation: Cleanup
Event: 103.044 Executing VM operation: Cleanup done
Event: 107.048 Executing VM operation: Cleanup
Event: 107.048 Executing VM operation: Cleanup done

Events (20 events):
Event: 99.227 loading class java/lang/BooleanBeanInfo
Event: 99.227 loading class java/lang/BooleanBeanInfo done
Event: 99.228 loading class java/lang/BooleanCustomizer
Event: 99.228 loading class java/lang/BooleanCustomizer done
Event: 99.228 loading class java/lang/BooleanCustomizer
Event: 99.228 loading class java/lang/BooleanCustomizer done
Event: 99.233 Thread 0x0000015708b1a740 Thread added: 0x0000015708b1a740
Event: 99.260 loading class java/lang/ProcessImpl
Event: 99.575 loading class java/lang/ProcessImpl done
Event: 99.965 loading class java/lang/ProcessHandleImpl
Event: 100.002 loading class java/lang/ProcessHandleImpl done
Event: 100.004 loading class java/lang/ProcessImpl$2
Event: 100.004 loading class java/lang/ProcessImpl$2 done
Event: 100.004 loading class java/lang/Process$PipeInputStream
Event: 100.005 loading class java/lang/Process$PipeInputStream done
Event: 100.011 loading class jdk/internal/event/ProcessStartEvent
Event: 100.026 loading class jdk/internal/event/ProcessStartEvent done
Event: 100.027 Thread 0x00000157085d5060 Thread added: 0x00000157085d5060
Event: 100.028 Thread 0x00000157085dc9e0 Thread added: 0x00000157085dc9e0
Event: 107.342 Thread 0x000001570a343e70 Thread added: 0x000001570a343e70


Dynamic libraries:
0x00007ff7892d0000 - 0x00007ff7892e0000 	E:\FlutterDev\jdk-17\bin\java.exe
0x00007ffdd7da0000 - 0x00007ffdd7fa9000 	C:\WINDOWS\SYSTEM32\ntdll.dll
0x00007ffdd6b00000 - 0x00007ffdd6bbd000 	C:\WINDOWS\System32\KERNEL32.DLL
0x00007ffdd5560000 - 0x00007ffdd58e4000 	C:\WINDOWS\System32\KERNELBASE.dll
0x00007ffdd5ad0000 - 0x00007ffdd5be1000 	C:\WINDOWS\System32\ucrtbase.dll
0x00007ffd8a810000 - 0x00007ffd8a829000 	E:\FlutterDev\jdk-17\bin\jli.dll
0x00007ffd9f4d0000 - 0x00007ffd9f4eb000 	E:\FlutterDev\jdk-17\bin\VCRUNTIME140.dll
0x00007ffdd61f0000 - 0x00007ffdd629e000 	C:\WINDOWS\System32\ADVAPI32.dll
0x00007ffdd6eb0000 - 0x00007ffdd6f53000 	C:\WINDOWS\System32\msvcrt.dll
0x00007ffdd7800000 - 0x00007ffdd789e000 	C:\WINDOWS\System32\sechost.dll
0x00007ffdd76c0000 - 0x00007ffdd77e1000 	C:\WINDOWS\System32\RPCRT4.dll
0x00007ffdd6040000 - 0x00007ffdd61ed000 	C:\WINDOWS\System32\USER32.dll
0x00007ffdd5410000 - 0x00007ffdd5436000 	C:\WINDOWS\System32\win32u.dll
0x00007ffdd62a0000 - 0x00007ffdd62ca000 	C:\WINDOWS\System32\GDI32.dll
0x00007ffdd5440000 - 0x00007ffdd555e000 	C:\WINDOWS\System32\gdi32full.dll
0x00007ffdd5230000 - 0x00007ffdd52cd000 	C:\WINDOWS\System32\msvcp_win.dll
0x00007ffdb6f60000 - 0x00007ffdb7205000 	C:\WINDOWS\WinSxS\amd64_microsoft.windows.common-controls_6595b64144ccf1df_6.0.22000.120_none_9d947278b86cc467\COMCTL32.dll
0x00007ffdcc200000 - 0x00007ffdcc20a000 	C:\WINDOWS\SYSTEM32\VERSION.dll
0x00007ffdd78a0000 - 0x00007ffdd78d1000 	C:\WINDOWS\System32\IMM32.DLL
0x00007ffdbf210000 - 0x00007ffdbf21c000 	E:\FlutterDev\jdk-17\bin\vcruntime140_1.dll
0x00007ffd79a70000 - 0x00007ffd79afe000 	E:\FlutterDev\jdk-17\bin\msvcp140.dll
0x00007ffd6efd0000 - 0x00007ffd6fbb0000 	E:\FlutterDev\jdk-17\bin\server\jvm.dll
0x00007ffdd77f0000 - 0x00007ffdd77f8000 	C:\WINDOWS\System32\PSAPI.DLL
0x00007ffda3ee0000 - 0x00007ffda3ee9000 	C:\WINDOWS\SYSTEM32\WSOCK32.dll
0x00007ffdd75a0000 - 0x00007ffdd760f000 	C:\WINDOWS\System32\WS2_32.dll
0x00007ffdd1140000 - 0x00007ffdd1173000 	C:\WINDOWS\SYSTEM32\WINMM.dll
0x00007ffdd42a0000 - 0x00007ffdd42b8000 	C:\WINDOWS\SYSTEM32\kernel.appcore.dll
0x00007ffda3dc0000 - 0x00007ffda3dca000 	E:\FlutterDev\jdk-17\bin\jimage.dll
0x00007ffdd2c00000 - 0x00007ffdd2e21000 	C:\WINDOWS\SYSTEM32\DBGHELP.DLL
0x00007ffdd0590000 - 0x00007ffdd05c1000 	C:\WINDOWS\SYSTEM32\dbgcore.DLL
0x00007ffdd52d0000 - 0x00007ffdd534f000 	C:\WINDOWS\System32\bcryptPrimitives.dll
0x00007ffd86380000 - 0x00007ffd863a5000 	E:\FlutterDev\jdk-17\bin\java.dll
0x00007ffd79990000 - 0x00007ffd79a67000 	E:\FlutterDev\jdk-17\bin\jsvml.dll
0x00007ffdd62d0000 - 0x00007ffdd6a95000 	C:\WINDOWS\System32\SHELL32.dll
0x00007ffdd3300000 - 0x00007ffdd3b62000 	C:\WINDOWS\SYSTEM32\windows.storage.dll
0x00007ffdd7220000 - 0x00007ffdd7596000 	C:\WINDOWS\System32\combase.dll
0x00007ffdd3190000 - 0x00007ffdd32f7000 	C:\WINDOWS\SYSTEM32\wintypes.dll
0x00007ffdd6c20000 - 0x00007ffdd6d0a000 	C:\WINDOWS\System32\SHCORE.dll
0x00007ffdd6aa0000 - 0x00007ffdd6afd000 	C:\WINDOWS\System32\shlwapi.dll
0x00007ffdd5160000 - 0x00007ffdd5185000 	C:\WINDOWS\SYSTEM32\profapi.dll
0x00007ffd8a7f0000 - 0x00007ffd8a809000 	E:\FlutterDev\jdk-17\bin\net.dll
0x00007ffdd1a70000 - 0x00007ffdd1b84000 	C:\WINDOWS\SYSTEM32\WINHTTP.dll
0x00007ffdd4750000 - 0x00007ffdd47b7000 	C:\WINDOWS\system32\mswsock.dll
0x00007ffd84320000 - 0x00007ffd84336000 	E:\FlutterDev\jdk-17\bin\nio.dll
0x00007ffd79970000 - 0x00007ffd79988000 	E:\FlutterDev\jdk-17\bin\zip.dll
0x00007ffda3d80000 - 0x00007ffda3d90000 	E:\FlutterDev\jdk-17\bin\verify.dll
0x00007ffd97e20000 - 0x00007ffd97e47000 	C:\Users\Divya Jyothi\.gradle\native\c067742578af261105cb4f569cf0c3c89f3d7b1fecec35dd04571415982c5e48\windows-amd64\native-platform.dll
0x00007ffd6a580000 - 0x00007ffd6a6c4000 	C:\Users\Divya Jyothi\.gradle\native\38dada09dfb8b06ba9b0570ebf7e218e3eb74d4ef43ca46872605cf95ebc2f47\windows-amd64\native-platform-file-events.dll
0x00007ffda7210000 - 0x00007ffda721a000 	E:\FlutterDev\jdk-17\bin\management.dll
0x00007ffd9c020000 - 0x00007ffd9c02b000 	E:\FlutterDev\jdk-17\bin\management_ext.dll
0x00007ffdd4990000 - 0x00007ffdd49a8000 	C:\WINDOWS\SYSTEM32\CRYPTSP.dll
0x00007ffdd4200000 - 0x00007ffdd4235000 	C:\WINDOWS\system32\rsaenh.dll
0x00007ffdd4840000 - 0x00007ffdd486c000 	C:\WINDOWS\SYSTEM32\USERENV.dll
0x00007ffdd4b10000 - 0x00007ffdd4b37000 	C:\WINDOWS\SYSTEM32\bcrypt.dll
0x00007ffdd49b0000 - 0x00007ffdd49bc000 	C:\WINDOWS\SYSTEM32\CRYPTBASE.dll
0x00007ffdd3db0000 - 0x00007ffdd3ddd000 	C:\WINDOWS\SYSTEM32\IPHLPAPI.DLL
0x00007ffdd6ea0000 - 0x00007ffdd6ea9000 	C:\WINDOWS\System32\NSI.dll
0x00007ffdd1a40000 - 0x00007ffdd1a59000 	C:\WINDOWS\SYSTEM32\dhcpcsvc6.DLL
0x00007ffdd1c60000 - 0x00007ffdd1c7e000 	C:\WINDOWS\SYSTEM32\dhcpcsvc.DLL
0x00007ffdd3de0000 - 0x00007ffdd3ec7000 	C:\WINDOWS\SYSTEM32\DNSAPI.dll
0x00007ffd9b5a0000 - 0x00007ffd9b5ae000 	E:\FlutterDev\jdk-17\bin\sunmscapi.dll
0x00007ffdd58f0000 - 0x00007ffdd5a52000 	C:\WINDOWS\System32\CRYPT32.dll
0x00007ffdd4ae0000 - 0x00007ffdd4b08000 	C:\WINDOWS\SYSTEM32\ncrypt.dll
0x00007ffdd4aa0000 - 0x00007ffdd4ad7000 	C:\WINDOWS\SYSTEM32\NTASN1.dll
0x00007ffd99670000 - 0x00007ffd99678000 	C:\WINDOWS\system32\wshunix.dll

dbghelp: loaded successfully - version: 4.0.5 - missing functions: none
symbol engine: initialized successfully - sym options: 0x614 - pdb path: .;E:\FlutterDev\jdk-17\bin;C:\WINDOWS\SYSTEM32;C:\WINDOWS\WinSxS\amd64_microsoft.windows.common-controls_6595b64144ccf1df_6.0.22000.120_none_9d947278b86cc467;E:\FlutterDev\jdk-17\bin\server;C:\Users\Divya Jyothi\.gradle\native\c067742578af261105cb4f569cf0c3c89f3d7b1fecec35dd04571415982c5e48\windows-amd64;C:\Users\Divya Jyothi\.gradle\native\38dada09dfb8b06ba9b0570ebf7e218e3eb74d4ef43ca46872605cf95ebc2f47\windows-amd64

VM Arguments:
jvm_args: --add-opens=java.base/java.util=ALL-UNNAMED --add-opens=java.base/java.lang=ALL-UNNAMED --add-opens=java.base/java.lang.invoke=ALL-UNNAMED --add-opens=java.prefs/java.util.prefs=ALL-UNNAMED --add-opens=java.base/java.nio.charset=ALL-UNNAMED --add-opens=java.base/java.net=ALL-UNNAMED --add-opens=java.base/java.util.concurrent.atomic=ALL-UNNAMED -Xmx4G -Dfile.encoding=windows-1252 -Duser.country=IN -Duser.language=en -Duser.variant 
java_command: org.gradle.launcher.daemon.bootstrap.GradleDaemon 7.6.3
java_class_path (initial): C:\Users\Divya Jyothi\.gradle\wrapper\dists\gradle-7.6.3-all\aocdy2d2z8kodnny3rsumj8i8\gradle-7.6.3\lib\gradle-launcher-7.6.3.jar
Launcher Type: SUN_STANDARD

[Global flags]
     intx CICompilerCount                          = 3                                         {product} {ergonomic}
     uint ConcGCThreads                            = 1                                         {product} {ergonomic}
     uint G1ConcRefinementThreads                  = 4                                         {product} {ergonomic}
   size_t G1HeapRegionSize                         = 2097152                                   {product} {ergonomic}
    uintx GCDrainStackTargetSize                   = 64                                        {product} {ergonomic}
   size_t InitialHeapSize                          = 130023424                                 {product} {ergonomic}
   size_t MarkStackSize                            = 4194304                                   {product} {ergonomic}
   size_t MaxHeapSize                              = 4294967296                                {product} {command line}
   size_t MaxNewSize                               = 2575302656                                {product} {ergonomic}
   size_t MinHeapDeltaBytes                        = 2097152                                   {product} {ergonomic}
   size_t MinHeapSize                              = 8388608                                   {product} {ergonomic}
    uintx NonNMethodCodeHeapSize                   = 5832780                                {pd product} {ergonomic}
    uintx NonProfiledCodeHeapSize                  = 122912730                              {pd product} {ergonomic}
    uintx ProfiledCodeHeapSize                     = 122912730                              {pd product} {ergonomic}
    uintx ReservedCodeCacheSize                    = 251658240                              {pd product} {ergonomic}
     bool SegmentedCodeCache                       = true                                      {product} {ergonomic}
   size_t SoftMaxHeapSize                          = 4294967296                             {manageable} {ergonomic}
     bool UseCompressedClassPointers               = true                           {product lp64_product} {ergonomic}
     bool UseCompressedOops                        = true                           {product lp64_product} {ergonomic}
     bool UseG1GC                                  = true                                      {product} {ergonomic}
     bool UseLargePagesIndividualAllocation        = false                                  {pd product} {ergonomic}

Logging:
Log output configuration:
 #0: stdout all=warning uptime,level,tags
 #1: stderr all=off uptime,level,tags

Environment Variables:
JAVA_HOME=E:\FlutterDev\jdk-17
CLASSPATH=E:\object_detector\android\\gradle\wrapper\gradle-wrapper.jar
PATH=E:\FlutterDev\jdk-17\bin;C:\Program Files\Common Files\Oracle\Java\javapath;C:\WINDOWS\system32;C:\WINDOWS;C:\WINDOWS\System32\Wbem;C:\WINDOWS\System32\WindowsPowerShell\v1.0\;C:\WINDOWS\System32\OpenSSH\;C:\Program Files\dotnet\;E:\FlutterDev\jdk-17\bin;E:\FlutterDev\Android\platform-tools;E:\FlutterDev\flutter\bin;C:\Users\Divya Jyothi\AppData\Local\Microsoft\WindowsApps;C:\Program Files\CodeBlocks\MinGW\bin;C:\Users\Divya Jyothi\AppData\Local\Programs\Microsoft VS Code\bin;E:\FlutterDev\flutter\bin\mingit\cmd;E:\FlutterDev\flutter\bin\mingit\cmd
USERNAME=Divya Jyothi
OS=Windows_NT
PROCESSOR_IDENTIFIER=Intel64 Family 6 Model 140 Stepping 1, GenuineIntel



---------------  S Y S T E M  ---------------

OS:
 Windows 11 , 64 bit Build 22000 (10.0.22000.2538)
OS uptime: 3 days 13:31 hours

CPU: total 4 (initial active 4) (2 cores per cpu, 2 threads per core) family 6 model 140 stepping 1 microcode 0xb4, cx8, cmov, fxsr, ht, mmx, 3dnowpref, sse, sse2, sse3, ssse3, sse4.1, sse4.2, popcnt, lzcnt, tsc, tscinvbit, avx, avx2, aes, erms, clmul, bmi1, bmi2, adx, avx512f, avx512dq, avx512cd, avx512bw, avx512vl, sha, fma, vzeroupper, avx512_vpopcntdq, avx512_vpclmulqdq, avx512_vaes, avx512_vnni, clflush, clflushopt, clwb, avx512_vbmi2, avx512_vbmi

Memory: 4k page, system-wide physical 7914M (1630M free)
TotalPageFile size 9962M (AvailPageFile size 1429M)
current process WorkingSet (physical memory assigned to process): 444M, peak: 464M
current process commit charge ("private bytes"): 477M, peak: 503M

vm_info: Java HotSpot(TM) 64-Bit Server VM (17.0.11+7-LTS-207) for windows-amd64 JRE (17.0.11+7-LTS-207), built on Mar 11 2024 19:01:50 by "mach5one" with MS VC++ 17.6 (VS2022)

END.
